0 info it worked if it ends with ok
1 verbose cli [ '/usr/bin/node', '/usr/sbin/npm', 'start' ]
2 info using npm@3.8.3
3 info using node@v5.9.1
4 verbose run-script [ 'prestart', 'start', 'poststart' ]
5 info lifecycle js-edu-project@0.0.0~prestart: js-edu-project@0.0.0
6 silly lifecycle js-edu-project@0.0.0~prestart: no script for prestart, continuing
7 info lifecycle js-edu-project@0.0.0~start: js-edu-project@0.0.0
8 verbose lifecycle js-edu-project@0.0.0~start: unsafe-perm in lifecycle true
9 verbose lifecycle js-edu-project@0.0.0~start: PATH: /usr/lib/node_modules/npm/bin/node-gyp-bin:/home/yuriy/Work/js-edu-project/node_modules/.bin:/usr/bin:/home/yuriy/bin:/usr/local/bin:/usr/local/sbin:/usr/local/bin:/usr/sbin:/usr/bin
10 verbose lifecycle js-edu-project@0.0.0~start: CWD: /home/yuriy/Work/js-edu-project
11 silly lifecycle js-edu-project@0.0.0~start: Args: [ '-c', 'node ./bin/www' ]
12 silly lifecycle js-edu-project@0.0.0~start: Returned: code: 1  signal: null
13 info lifecycle js-edu-project@0.0.0~start: Failed to exec start script
14 verbose stack Error: js-edu-project@0.0.0 start: `node ./bin/www`
14 verbose stack Exit status 1
14 verbose stack     at EventEmitter.<anonymous> (/usr/lib/node_modules/npm/lib/utils/lifecycle.js:239:16)
14 verbose stack     at emitTwo (events.js:100:13)
14 verbose stack     at EventEmitter.emit (events.js:185:7)
14 verbose stack     at ChildProcess.<anonymous> (/usr/lib/node_modules/npm/lib/utils/spawn.js:24:14)
14 verbose stack     at emitTwo (events.js:100:13)
14 verbose stack     at ChildProcess.emit (events.js:185:7)
14 verbose stack     at maybeClose (internal/child_process.js:850:16)
14 verbose stack     at Process.ChildProcess._handle.onexit (internal/child_process.js:215:5)
15 verbose pkgid js-edu-project@0.0.0
16 verbose cwd /home/yuriy/Work/js-edu-project
17 error Linux 4.4.5-1-ARCH
18 error argv "/usr/bin/node" "/usr/sbin/npm" "start"
19 error node v5.9.1
20 error npm  v3.8.3
21 error code ELIFECYCLE
22 error js-edu-project@0.0.0 start: `node ./bin/www`
22 error Exit status 1
23 error Failed at the js-edu-project@0.0.0 start script 'node ./bin/www'.
23 error Make sure you have the latest version of node.js and npm installed.
23 error If you do, this is most likely a problem with the js-edu-project package,
23 error not with npm itself.
23 error Tell the author that this fails on your system:
23 error     node ./bin/www
23 error You can get information on how to open an issue for this project with:
23 error     npm bugs js-edu-project
23 error Or if that isn't available, you can get their info via:
23 error     npm owner ls js-edu-project
23 error There is likely additional logging output above.
24 verbose exit [ 1, true ]
